<?xml version="1.0" encoding="UTF-8"?>
<testng-results ignored="0" total="1" passed="1" failed="0" skipped="0">
  <reporter-output>
  </reporter-output>
  <suite started-at="2022-09-11T23:15:23 IST" name="Default suite" finished-at="2022-09-11T23:15:37 IST" duration-ms="13734">
    <groups>
    </groups>
    <test started-at="2022-09-11T23:15:23 IST" name="Default test" finished-at="2022-09-11T23:15:37 IST" duration-ms="13734">
      <class name="script.tc1">
        <test-method is-config="true" signature="openapp()[pri:0, instance:script.tc1@793be5ca]" started-at="2022-09-11T23:15:23 IST" name="openapp" finished-at="2022-09-11T23:15:30 IST" duration-ms="7089" status="PASS">
          <reporter-output>
          </reporter-output>
        </test-method> <!-- openapp -->
        <test-method signature="testcase1()[pri:0, instance:script.tc1@793be5ca]" started-at="2022-09-11T23:15:30 IST" name="testcase1" finished-at="2022-09-11T23:15:36 IST" duration-ms="6232" status="PASS">
          <reporter-output>
          </reporter-output>
        </test-method> <!-- testcase1 -->
        <test-method is-config="true" signature="closeapp(org.testng.ITestResult)[pri:0, instance:script.tc1@793be5ca]" started-at="2022-09-11T23:15:36 IST" name="closeapp" finished-at="2022-09-11T23:15:37 IST" duration-ms="371" status="PASS">
          <params>
            <param index="0">
              <value>
                <![CDATA[[TestResult name=testcase1 status=SUCCESS method=tc1.testcase1()[pri:0, instance:script.tc1@793be5ca] output={null}]]]>
              </value>
            </param>
          </params>
          <reporter-output>
          </reporter-output>
        </test-method> <!-- closeapp -->
      </class> <!-- script.tc1 -->
    </test> <!-- Default test -->
  </suite> <!-- Default suite -->
</testng-results>
